<?xml version="1.0" encoding="UTF-8"?>
<testsuite xmlns:xsi="http://www.w3.org/2001/XMLSchema-instance" xsi:noNamespaceSchemaLocation="https://maven.apache.org/surefire/maven-surefire-plugin/xsd/surefire-test-report.xsd" name="com.sustech.conferenceSystem.util.UtilTest" time="0.014" tests="2" errors="0" skipped="0" failures="0">
  <properties>
    <property name="sun.desktop" value="windows"/>
    <property name="awt.toolkit" value="sun.awt.windows.WToolkit"/>
    <property name="file.encoding.pkg" value="sun.io"/>
    <property name="java.specification.version" value="1.8"/>
    <property name="sun.cpu.isalist" value="amd64"/>
    <property name="sun.jnu.encoding" value="GBK"/>
    <property name="java.class.path" value="F:\dev\conference-management-system-back-end\target\test-classes;F:\dev\conference-management-system-back-end\target\classes;F:\development\maven-3.6.0\repository\org\projectlombok\lombok\1.18.10\lombok-1.18.10.jar;F:\development\maven-3.6.0\repository\org\springframework\boot\spring-boot-starter-web\2.2.1.RELEASE\spring-boot-starter-web-2.2.1.RELEASE.jar;F:\development\maven-3.6.0\repository\org\springframework\boot\spring-boot-starter\2.2.1.RELEASE\spring-boot-starter-2.2.1.RELEASE.jar;F:\development\maven-3.6.0\repository\org\springframework\boot\spring-boot\2.2.1.RELEASE\spring-boot-2.2.1.RELEASE.jar;F:\development\maven-3.6.0\repository\org\springframework\boot\spring-boot-autoconfigure\2.2.1.RELEASE\spring-boot-autoconfigure-2.2.1.RELEASE.jar;F:\development\maven-3.6.0\repository\org\springframework\boot\spring-boot-starter-logging\2.2.1.RELEASE\spring-boot-starter-logging-2.2.1.RELEASE.jar;F:\development\maven-3.6.0\repository\ch\qos\logback\logback-classic\1.2.3\logback-classic-1.2.3.jar;F:\development\maven-3.6.0\repository\ch\qos\logback\logback-core\1.2.3\logback-core-1.2.3.jar;F:\development\maven-3.6.0\repository\org\apache\logging\log4j\log4j-to-slf4j\2.12.1\log4j-to-slf4j-2.12.1.jar;F:\development\maven-3.6.0\repository\org\apache\logging\log4j\log4j-api\2.12.1\log4j-api-2.12.1.jar;F:\development\maven-3.6.0\repository\org\slf4j\jul-to-slf4j\1.7.29\jul-to-slf4j-1.7.29.jar;F:\development\maven-3.6.0\repository\jakarta\annotation\jakarta.annotation-api\1.3.5\jakarta.annotation-api-1.3.5.jar;F:\development\maven-3.6.0\repository\org\yaml\snakeyaml\1.25\snakeyaml-1.25.jar;F:\development\maven-3.6.0\repository\org\springframework\boot\spring-boot-starter-json\2.2.1.RELEASE\spring-boot-starter-json-2.2.1.RELEASE.jar;F:\development\maven-3.6.0\repository\com\fasterxml\jackson\core\jackson-databind\2.10.0\jackson-databind-2.10.0.jar;F:\development\maven-3.6.0\repository\com\fasterxml\jackson\core\jackson-annotations\2.10.0\jackson-annotations-2.10.0.jar;F:\development\maven-3.6.0\repository\com\fasterxml\jackson\core\jackson-core\2.10.0\jackson-core-2.10.0.jar;F:\development\maven-3.6.0\repository\com\fasterxml\jackson\datatype\jackson-datatype-jdk8\2.10.0\jackson-datatype-jdk8-2.10.0.jar;F:\development\maven-3.6.0\repository\com\fasterxml\jackson\datatype\jackson-datatype-jsr310\2.10.0\jackson-datatype-jsr310-2.10.0.jar;F:\development\maven-3.6.0\repository\com\fasterxml\jackson\module\jackson-module-parameter-names\2.10.0\jackson-module-parameter-names-2.10.0.jar;F:\development\maven-3.6.0\repository\org\springframework\boot\spring-boot-starter-tomcat\2.2.1.RELEASE\spring-boot-starter-tomcat-2.2.1.RELEASE.jar;F:\development\maven-3.6.0\repository\org\apache\tomcat\embed\tomcat-embed-core\9.0.27\tomcat-embed-core-9.0.27.jar;F:\development\maven-3.6.0\repository\org\apache\tomcat\embed\tomcat-embed-el\9.0.27\tomcat-embed-el-9.0.27.jar;F:\development\maven-3.6.0\repository\org\apache\tomcat\embed\tomcat-embed-websocket\9.0.27\tomcat-embed-websocket-9.0.27.jar;F:\development\maven-3.6.0\repository\org\springframework\boot\spring-boot-starter-validation\2.2.1.RELEASE\spring-boot-starter-validation-2.2.1.RELEASE.jar;F:\development\maven-3.6.0\repository\jakarta\validation\jakarta.validation-api\2.0.1\jakarta.validation-api-2.0.1.jar;F:\development\maven-3.6.0\repository\org\hibernate\validator\hibernate-validator\6.0.18.Final\hibernate-validator-6.0.18.Final.jar;F:\development\maven-3.6.0\repository\org\jboss\logging\jboss-logging\3.4.1.Final\jboss-logging-3.4.1.Final.jar;F:\development\maven-3.6.0\repository\com\fasterxml\classmate\1.5.1\classmate-1.5.1.jar;F:\development\maven-3.6.0\repository\org\springframework\spring-web\5.2.1.RELEASE\spring-web-5.2.1.RELEASE.jar;F:\development\maven-3.6.0\repository\org\springframework\spring-beans\5.2.1.RELEASE\spring-beans-5.2.1.RELEASE.jar;F:\development\maven-3.6.0\repository\org\springframework\spring-webmvc\5.2.1.RELEASE\spring-webmvc-5.2.1.RELEASE.jar;F:\development\maven-3.6.0\repository\org\springframework\spring-aop\5.2.1.RELEASE\spring-aop-5.2.1.RELEASE.jar;F:\development\maven-3.6.0\repository\org\springframework\spring-context\5.2.1.RELEASE\spring-context-5.2.1.RELEASE.jar;F:\development\maven-3.6.0\repository\org\springframework\spring-expression\5.2.1.RELEASE\spring-expression-5.2.1.RELEASE.jar;F:\development\maven-3.6.0\repository\org\springframework\boot\spring-boot-starter-test\2.2.1.RELEASE\spring-boot-starter-test-2.2.1.RELEASE.jar;F:\development\maven-3.6.0\repository\org\springframework\boot\spring-boot-test\2.2.1.RELEASE\spring-boot-test-2.2.1.RELEASE.jar;F:\development\maven-3.6.0\repository\org\springframework\boot\spring-boot-test-autoconfigure\2.2.1.RELEASE\spring-boot-test-autoconfigure-2.2.1.RELEASE.jar;F:\development\maven-3.6.0\repository\com\jayway\jsonpath\json-path\2.4.0\json-path-2.4.0.jar;F:\development\maven-3.6.0\repository\net\minidev\json-smart\2.3\json-smart-2.3.jar;F:\development\maven-3.6.0\repository\net\minidev\accessors-smart\1.2\accessors-smart-1.2.jar;F:\development\maven-3.6.0\repository\org\ow2\asm\asm\5.0.4\asm-5.0.4.jar;F:\development\maven-3.6.0\repository\org\slf4j\slf4j-api\1.7.29\slf4j-api-1.7.29.jar;F:\development\maven-3.6.0\repository\jakarta\xml\bind\jakarta.xml.bind-api\2.3.2\jakarta.xml.bind-api-2.3.2.jar;F:\development\maven-3.6.0\repository\jakarta\activation\jakarta.activation-api\1.2.1\jakarta.activation-api-1.2.1.jar;F:\development\maven-3.6.0\repository\org\junit\jupiter\junit-jupiter\5.5.2\junit-jupiter-5.5.2.jar;F:\development\maven-3.6.0\repository\org\junit\jupiter\junit-jupiter-api\5.5.2\junit-jupiter-api-5.5.2.jar;F:\development\maven-3.6.0\repository\org\opentest4j\opentest4j\1.2.0\opentest4j-1.2.0.jar;F:\development\maven-3.6.0\repository\org\junit\platform\junit-platform-commons\1.5.2\junit-platform-commons-1.5.2.jar;F:\development\maven-3.6.0\repository\org\junit\jupiter\junit-jupiter-params\5.5.2\junit-jupiter-params-5.5.2.jar;F:\development\maven-3.6.0\repository\org\junit\jupiter\junit-jupiter-engine\5.5.2\junit-jupiter-engine-5.5.2.jar;F:\development\maven-3.6.0\repository\org\junit\vintage\junit-vintage-engine\5.5.2\junit-vintage-engine-5.5.2.jar;F:\development\maven-3.6.0\repository\org\apiguardian\apiguardian-api\1.1.0\apiguardian-api-1.1.0.jar;F:\development\maven-3.6.0\repository\org\junit\platform\junit-platform-engine\1.5.2\junit-platform-engine-1.5.2.jar;F:\development\maven-3.6.0\repository\junit\junit\4.12\junit-4.12.jar;F:\development\maven-3.6.0\repository\org\mockito\mockito-junit-jupiter\3.1.0\mockito-junit-jupiter-3.1.0.jar;F:\development\maven-3.6.0\repository\org\assertj\assertj-core\3.13.2\assertj-core-3.13.2.jar;F:\development\maven-3.6.0\repository\org\hamcrest\hamcrest\2.1\hamcrest-2.1.jar;F:\development\maven-3.6.0\repository\org\mockito\mockito-core\3.1.0\mockito-core-3.1.0.jar;F:\development\maven-3.6.0\repository\net\bytebuddy\byte-buddy\1.10.2\byte-buddy-1.10.2.jar;F:\development\maven-3.6.0\repository\net\bytebuddy\byte-buddy-agent\1.10.2\byte-buddy-agent-1.10.2.jar;F:\development\maven-3.6.0\repository\org\objenesis\objenesis\2.6\objenesis-2.6.jar;F:\development\maven-3.6.0\repository\org\skyscreamer\jsonassert\1.5.0\jsonassert-1.5.0.jar;F:\development\maven-3.6.0\repository\com\vaadin\external\google\android-json\0.0.20131108.vaadin1\android-json-0.0.20131108.vaadin1.jar;F:\development\maven-3.6.0\repository\org\springframework\spring-core\5.2.1.RELEASE\spring-core-5.2.1.RELEASE.jar;F:\development\maven-3.6.0\repository\org\springframework\spring-jcl\5.2.1.RELEASE\spring-jcl-5.2.1.RELEASE.jar;F:\development\maven-3.6.0\repository\org\springframework\spring-test\5.2.1.RELEASE\spring-test-5.2.1.RELEASE.jar;F:\development\maven-3.6.0\repository\org\xmlunit\xmlunit-core\2.6.3\xmlunit-core-2.6.3.jar;F:\development\maven-3.6.0\repository\org\springframework\boot\spring-boot-starter-jdbc\2.2.1.RELEASE\spring-boot-starter-jdbc-2.2.1.RELEASE.jar;F:\development\maven-3.6.0\repository\com\zaxxer\HikariCP\3.4.1\HikariCP-3.4.1.jar;F:\development\maven-3.6.0\repository\org\springframework\spring-jdbc\5.2.1.RELEASE\spring-jdbc-5.2.1.RELEASE.jar;F:\development\maven-3.6.0\repository\org\springframework\spring-tx\5.2.1.RELEASE\spring-tx-5.2.1.RELEASE.jar;F:\development\maven-3.6.0\repository\mysql\mysql-connector-java\8.0.11\mysql-connector-java-8.0.11.jar;F:\development\maven-3.6.0\repository\com\alibaba\fastjson\1.2.62\fastjson-1.2.62.jar;F:\development\maven-3.6.0\repository\org\mybatis\spring\boot\mybatis-spring-boot-starter\2.1.1\mybatis-spring-boot-starter-2.1.1.jar;F:\development\maven-3.6.0\repository\org\mybatis\spring\boot\mybatis-spring-boot-autoconfigure\2.1.1\mybatis-spring-boot-autoconfigure-2.1.1.jar;F:\development\maven-3.6.0\repository\org\mybatis\mybatis\3.5.3\mybatis-3.5.3.jar;F:\development\maven-3.6.0\repository\org\mybatis\mybatis-spring\2.0.3\mybatis-spring-2.0.3.jar;F:\development\maven-3.6.0\repository\com\github\pagehelper\pagehelper-spring-boot-starter\1.2.10\pagehelper-spring-boot-starter-1.2.10.jar;F:\development\maven-3.6.0\repository\com\github\pagehelper\pagehelper-spring-boot-autoconfigure\1.2.10\pagehelper-spring-boot-autoconfigure-1.2.10.jar;F:\development\maven-3.6.0\repository\com\github\pagehelper\pagehelper\5.1.8\pagehelper-5.1.8.jar;F:\development\maven-3.6.0\repository\com\github\jsqlparser\jsqlparser\1.2\jsqlparser-1.2.jar;F:\development\maven-3.6.0\repository\org\springframework\boot\spring-boot-starter-data-redis\2.2.1.RELEASE\spring-boot-starter-data-redis-2.2.1.RELEASE.jar;F:\development\maven-3.6.0\repository\org\springframework\data\spring-data-redis\2.2.1.RELEASE\spring-data-redis-2.2.1.RELEASE.jar;F:\development\maven-3.6.0\repository\org\springframework\data\spring-data-keyvalue\2.2.1.RELEASE\spring-data-keyvalue-2.2.1.RELEASE.jar;F:\development\maven-3.6.0\repository\org\springframework\data\spring-data-commons\2.2.1.RELEASE\spring-data-commons-2.2.1.RELEASE.jar;F:\development\maven-3.6.0\repository\org\springframework\spring-oxm\5.2.1.RELEASE\spring-oxm-5.2.1.RELEASE.jar;F:\development\maven-3.6.0\repository\org\springframework\spring-context-support\5.2.1.RELEASE\spring-context-support-5.2.1.RELEASE.jar;F:\development\maven-3.6.0\repository\io\lettuce\lettuce-core\5.2.1.RELEASE\lettuce-core-5.2.1.RELEASE.jar;F:\development\maven-3.6.0\repository\io\netty\netty-common\4.1.43.Final\netty-common-4.1.43.Final.jar;F:\development\maven-3.6.0\repository\io\netty\netty-handler\4.1.43.Final\netty-handler-4.1.43.Final.jar;F:\development\maven-3.6.0\repository\io\netty\netty-buffer\4.1.43.Final\netty-buffer-4.1.43.Final.jar;F:\development\maven-3.6.0\repository\io\netty\netty-codec\4.1.43.Final\netty-codec-4.1.43.Final.jar;F:\development\maven-3.6.0\repository\io\netty\netty-transport\4.1.43.Final\netty-transport-4.1.43.Final.jar;F:\development\maven-3.6.0\repository\io\netty\netty-resolver\4.1.43.Final\netty-resolver-4.1.43.Final.jar;F:\development\maven-3.6.0\repository\io\projectreactor\reactor-core\3.3.0.RELEASE\reactor-core-3.3.0.RELEASE.jar;F:\development\maven-3.6.0\repository\org\reactivestreams\reactive-streams\1.0.3\reactive-streams-1.0.3.jar;"/>
    <property name="java.vm.vendor" value="Oracle Corporation"/>
    <property name="sun.arch.data.model" value="64"/>
    <property name="user.variant" value=""/>
    <property name="java.vendor.url" value="http://java.oracle.com/"/>
    <property name="user.timezone" value="Asia/Shanghai"/>
    <property name="java.vm.specification.version" value="1.8"/>
    <property name="os.name" value="Windows 10"/>
    <property name="user.country" value="CN"/>
    <property name="sun.java.launcher" value="SUN_STANDARD"/>
    <property name="sun.boot.library.path" value="F:\development\java\jdk\jre\bin"/>
    <property name="sun.java.command" value="C:\Users\THINKPAD\AppData\Local\Temp\surefire8343448638920985327\surefirebooter2010629801721194971.jar C:\Users\THINKPAD\AppData\Local\Temp\surefire8343448638920985327 2019-12-28T20-38-03_922-jvmRun1 surefire1360069675940633506tmp surefire_07613514388566008492tmp"/>
    <property name="surefire.test.class.path" value="F:\dev\conference-management-system-back-end\target\test-classes;F:\dev\conference-management-system-back-end\target\classes;F:\development\maven-3.6.0\repository\org\projectlombok\lombok\1.18.10\lombok-1.18.10.jar;F:\development\maven-3.6.0\repository\org\springframework\boot\spring-boot-starter-web\2.2.1.RELEASE\spring-boot-starter-web-2.2.1.RELEASE.jar;F:\development\maven-3.6.0\repository\org\springframework\boot\spring-boot-starter\2.2.1.RELEASE\spring-boot-starter-2.2.1.RELEASE.jar;F:\development\maven-3.6.0\repository\org\springframework\boot\spring-boot\2.2.1.RELEASE\spring-boot-2.2.1.RELEASE.jar;F:\development\maven-3.6.0\repository\org\springframework\boot\spring-boot-autoconfigure\2.2.1.RELEASE\spring-boot-autoconfigure-2.2.1.RELEASE.jar;F:\development\maven-3.6.0\repository\org\springframework\boot\spring-boot-starter-logging\2.2.1.RELEASE\spring-boot-starter-logging-2.2.1.RELEASE.jar;F:\development\maven-3.6.0\repository\ch\qos\logback\logback-classic\1.2.3\logback-classic-1.2.3.jar;F:\development\maven-3.6.0\repository\ch\qos\logback\logback-core\1.2.3\logback-core-1.2.3.jar;F:\development\maven-3.6.0\repository\org\apache\logging\log4j\log4j-to-slf4j\2.12.1\log4j-to-slf4j-2.12.1.jar;F:\development\maven-3.6.0\repository\org\apache\logging\log4j\log4j-api\2.12.1\log4j-api-2.12.1.jar;F:\development\maven-3.6.0\repository\org\slf4j\jul-to-slf4j\1.7.29\jul-to-slf4j-1.7.29.jar;F:\development\maven-3.6.0\repository\jakarta\annotation\jakarta.annotation-api\1.3.5\jakarta.annotation-api-1.3.5.jar;F:\development\maven-3.6.0\repository\org\yaml\snakeyaml\1.25\snakeyaml-1.25.jar;F:\development\maven-3.6.0\repository\org\springframework\boot\spring-boot-starter-json\2.2.1.RELEASE\spring-boot-starter-json-2.2.1.RELEASE.jar;F:\development\maven-3.6.0\repository\com\fasterxml\jackson\core\jackson-databind\2.10.0\jackson-databind-2.10.0.jar;F:\development\maven-3.6.0\repository\com\fasterxml\jackson\core\jackson-annotations\2.10.0\jackson-annotations-2.10.0.jar;F:\development\maven-3.6.0\repository\com\fasterxml\jackson\core\jackson-core\2.10.0\jackson-core-2.10.0.jar;F:\development\maven-3.6.0\repository\com\fasterxml\jackson\datatype\jackson-datatype-jdk8\2.10.0\jackson-datatype-jdk8-2.10.0.jar;F:\development\maven-3.6.0\repository\com\fasterxml\jackson\datatype\jackson-datatype-jsr310\2.10.0\jackson-datatype-jsr310-2.10.0.jar;F:\development\maven-3.6.0\repository\com\fasterxml\jackson\module\jackson-module-parameter-names\2.10.0\jackson-module-parameter-names-2.10.0.jar;F:\development\maven-3.6.0\repository\org\springframework\boot\spring-boot-starter-tomcat\2.2.1.RELEASE\spring-boot-starter-tomcat-2.2.1.RELEASE.jar;F:\development\maven-3.6.0\repository\org\apache\tomcat\embed\tomcat-embed-core\9.0.27\tomcat-embed-core-9.0.27.jar;F:\development\maven-3.6.0\repository\org\apache\tomcat\embed\tomcat-embed-el\9.0.27\tomcat-embed-el-9.0.27.jar;F:\development\maven-3.6.0\repository\org\apache\tomcat\embed\tomcat-embed-websocket\9.0.27\tomcat-embed-websocket-9.0.27.jar;F:\development\maven-3.6.0\repository\org\springframework\boot\spring-boot-starter-validation\2.2.1.RELEASE\spring-boot-starter-validation-2.2.1.RELEASE.jar;F:\development\maven-3.6.0\repository\jakarta\validation\jakarta.validation-api\2.0.1\jakarta.validation-api-2.0.1.jar;F:\development\maven-3.6.0\repository\org\hibernate\validator\hibernate-validator\6.0.18.Final\hibernate-validator-6.0.18.Final.jar;F:\development\maven-3.6.0\repository\org\jboss\logging\jboss-logging\3.4.1.Final\jboss-logging-3.4.1.Final.jar;F:\development\maven-3.6.0\repository\com\fasterxml\classmate\1.5.1\classmate-1.5.1.jar;F:\development\maven-3.6.0\repository\org\springframework\spring-web\5.2.1.RELEASE\spring-web-5.2.1.RELEASE.jar;F:\development\maven-3.6.0\repository\org\springframework\spring-beans\5.2.1.RELEASE\spring-beans-5.2.1.RELEASE.jar;F:\development\maven-3.6.0\repository\org\springframework\spring-webmvc\5.2.1.RELEASE\spring-webmvc-5.2.1.RELEASE.jar;F:\development\maven-3.6.0\repository\org\springframework\spring-aop\5.2.1.RELEASE\spring-aop-5.2.1.RELEASE.jar;F:\development\maven-3.6.0\repository\org\springframework\spring-context\5.2.1.RELEASE\spring-context-5.2.1.RELEASE.jar;F:\development\maven-3.6.0\repository\org\springframework\spring-expression\5.2.1.RELEASE\spring-expression-5.2.1.RELEASE.jar;F:\development\maven-3.6.0\repository\org\springframework\boot\spring-boot-starter-test\2.2.1.RELEASE\spring-boot-starter-test-2.2.1.RELEASE.jar;F:\development\maven-3.6.0\repository\org\springframework\boot\spring-boot-test\2.2.1.RELEASE\spring-boot-test-2.2.1.RELEASE.jar;F:\development\maven-3.6.0\repository\org\springframework\boot\spring-boot-test-autoconfigure\2.2.1.RELEASE\spring-boot-test-autoconfigure-2.2.1.RELEASE.jar;F:\development\maven-3.6.0\repository\com\jayway\jsonpath\json-path\2.4.0\json-path-2.4.0.jar;F:\development\maven-3.6.0\repository\net\minidev\json-smart\2.3\json-smart-2.3.jar;F:\development\maven-3.6.0\repository\net\minidev\accessors-smart\1.2\accessors-smart-1.2.jar;F:\development\maven-3.6.0\repository\org\ow2\asm\asm\5.0.4\asm-5.0.4.jar;F:\development\maven-3.6.0\repository\org\slf4j\slf4j-api\1.7.29\slf4j-api-1.7.29.jar;F:\development\maven-3.6.0\repository\jakarta\xml\bind\jakarta.xml.bind-api\2.3.2\jakarta.xml.bind-api-2.3.2.jar;F:\development\maven-3.6.0\repository\jakarta\activation\jakarta.activation-api\1.2.1\jakarta.activation-api-1.2.1.jar;F:\development\maven-3.6.0\repository\org\junit\jupiter\junit-jupiter\5.5.2\junit-jupiter-5.5.2.jar;F:\development\maven-3.6.0\repository\org\junit\jupiter\junit-jupiter-api\5.5.2\junit-jupiter-api-5.5.2.jar;F:\development\maven-3.6.0\repository\org\opentest4j\opentest4j\1.2.0\opentest4j-1.2.0.jar;F:\development\maven-3.6.0\repository\org\junit\platform\junit-platform-commons\1.5.2\junit-platform-commons-1.5.2.jar;F:\development\maven-3.6.0\repository\org\junit\jupiter\junit-jupiter-params\5.5.2\junit-jupiter-params-5.5.2.jar;F:\development\maven-3.6.0\repository\org\junit\jupiter\junit-jupiter-engine\5.5.2\junit-jupiter-engine-5.5.2.jar;F:\development\maven-3.6.0\repository\org\junit\vintage\junit-vintage-engine\5.5.2\junit-vintage-engine-5.5.2.jar;F:\development\maven-3.6.0\repository\org\apiguardian\apiguardian-api\1.1.0\apiguardian-api-1.1.0.jar;F:\development\maven-3.6.0\repository\org\junit\platform\junit-platform-engine\1.5.2\junit-platform-engine-1.5.2.jar;F:\development\maven-3.6.0\repository\junit\junit\4.12\junit-4.12.jar;F:\development\maven-3.6.0\repository\org\mockito\mockito-junit-jupiter\3.1.0\mockito-junit-jupiter-3.1.0.jar;F:\development\maven-3.6.0\repository\org\assertj\assertj-core\3.13.2\assertj-core-3.13.2.jar;F:\development\maven-3.6.0\repository\org\hamcrest\hamcrest\2.1\hamcrest-2.1.jar;F:\development\maven-3.6.0\repository\org\mockito\mockito-core\3.1.0\mockito-core-3.1.0.jar;F:\development\maven-3.6.0\repository\net\bytebuddy\byte-buddy\1.10.2\byte-buddy-1.10.2.jar;F:\development\maven-3.6.0\repository\net\bytebuddy\byte-buddy-agent\1.10.2\byte-buddy-agent-1.10.2.jar;F:\development\maven-3.6.0\repository\org\objenesis\objenesis\2.6\objenesis-2.6.jar;F:\development\maven-3.6.0\repository\org\skyscreamer\jsonassert\1.5.0\jsonassert-1.5.0.jar;F:\development\maven-3.6.0\repository\com\vaadin\external\google\android-json\0.0.20131108.vaadin1\android-json-0.0.20131108.vaadin1.jar;F:\development\maven-3.6.0\repository\org\springframework\spring-core\5.2.1.RELEASE\spring-core-5.2.1.RELEASE.jar;F:\development\maven-3.6.0\repository\org\springframework\spring-jcl\5.2.1.RELEASE\spring-jcl-5.2.1.RELEASE.jar;F:\development\maven-3.6.0\repository\org\springframework\spring-test\5.2.1.RELEASE\spring-test-5.2.1.RELEASE.jar;F:\development\maven-3.6.0\repository\org\xmlunit\xmlunit-core\2.6.3\xmlunit-core-2.6.3.jar;F:\development\maven-3.6.0\repository\org\springframework\boot\spring-boot-starter-jdbc\2.2.1.RELEASE\spring-boot-starter-jdbc-2.2.1.RELEASE.jar;F:\development\maven-3.6.0\repository\com\zaxxer\HikariCP\3.4.1\HikariCP-3.4.1.jar;F:\development\maven-3.6.0\repository\org\springframework\spring-jdbc\5.2.1.RELEASE\spring-jdbc-5.2.1.RELEASE.jar;F:\development\maven-3.6.0\repository\org\springframework\spring-tx\5.2.1.RELEASE\spring-tx-5.2.1.RELEASE.jar;F:\development\maven-3.6.0\repository\mysql\mysql-connector-java\8.0.11\mysql-connector-java-8.0.11.jar;F:\development\maven-3.6.0\repository\com\alibaba\fastjson\1.2.62\fastjson-1.2.62.jar;F:\development\maven-3.6.0\repository\org\mybatis\spring\boot\mybatis-spring-boot-starter\2.1.1\mybatis-spring-boot-starter-2.1.1.jar;F:\development\maven-3.6.0\repository\org\mybatis\spring\boot\mybatis-spring-boot-autoconfigure\2.1.1\mybatis-spring-boot-autoconfigure-2.1.1.jar;F:\development\maven-3.6.0\repository\org\mybatis\mybatis\3.5.3\mybatis-3.5.3.jar;F:\development\maven-3.6.0\repository\org\mybatis\mybatis-spring\2.0.3\mybatis-spring-2.0.3.jar;F:\development\maven-3.6.0\repository\com\github\pagehelper\pagehelper-spring-boot-starter\1.2.10\pagehelper-spring-boot-starter-1.2.10.jar;F:\development\maven-3.6.0\repository\com\github\pagehelper\pagehelper-spring-boot-autoconfigure\1.2.10\pagehelper-spring-boot-autoconfigure-1.2.10.jar;F:\development\maven-3.6.0\repository\com\github\pagehelper\pagehelper\5.1.8\pagehelper-5.1.8.jar;F:\development\maven-3.6.0\repository\com\github\jsqlparser\jsqlparser\1.2\jsqlparser-1.2.jar;F:\development\maven-3.6.0\repository\org\springframework\boot\spring-boot-starter-data-redis\2.2.1.RELEASE\spring-boot-starter-data-redis-2.2.1.RELEASE.jar;F:\development\maven-3.6.0\repository\org\springframework\data\spring-data-redis\2.2.1.RELEASE\spring-data-redis-2.2.1.RELEASE.jar;F:\development\maven-3.6.0\repository\org\springframework\data\spring-data-keyvalue\2.2.1.RELEASE\spring-data-keyvalue-2.2.1.RELEASE.jar;F:\development\maven-3.6.0\repository\org\springframework\data\spring-data-commons\2.2.1.RELEASE\spring-data-commons-2.2.1.RELEASE.jar;F:\development\maven-3.6.0\repository\org\springframework\spring-oxm\5.2.1.RELEASE\spring-oxm-5.2.1.RELEASE.jar;F:\development\maven-3.6.0\repository\org\springframework\spring-context-support\5.2.1.RELEASE\spring-context-support-5.2.1.RELEASE.jar;F:\development\maven-3.6.0\repository\io\lettuce\lettuce-core\5.2.1.RELEASE\lettuce-core-5.2.1.RELEASE.jar;F:\development\maven-3.6.0\repository\io\netty\netty-common\4.1.43.Final\netty-common-4.1.43.Final.jar;F:\development\maven-3.6.0\repository\io\netty\netty-handler\4.1.43.Final\netty-handler-4.1.43.Final.jar;F:\development\maven-3.6.0\repository\io\netty\netty-buffer\4.1.43.Final\netty-buffer-4.1.43.Final.jar;F:\development\maven-3.6.0\repository\io\netty\netty-codec\4.1.43.Final\netty-codec-4.1.43.Final.jar;F:\development\maven-3.6.0\repository\io\netty\netty-transport\4.1.43.Final\netty-transport-4.1.43.Final.jar;F:\development\maven-3.6.0\repository\io\netty\netty-resolver\4.1.43.Final\netty-resolver-4.1.43.Final.jar;F:\development\maven-3.6.0\repository\io\projectreactor\reactor-core\3.3.0.RELEASE\reactor-core-3.3.0.RELEASE.jar;F:\development\maven-3.6.0\repository\org\reactivestreams\reactive-streams\1.0.3\reactive-streams-1.0.3.jar;"/>
    <property name="sun.cpu.endian" value="little"/>
    <property name="user.home" value="C:\Users\THINKPAD"/>
    <property name="user.language" value="zh"/>
    <property name="java.specification.vendor" value="Oracle Corporation"/>
    <property name="java.home" value="F:\development\java\jdk\jre"/>
    <property name="basedir" value="F:\dev\conference-management-system-back-end"/>
    <property name="file.separator" value="\"/>
    <property name="line.separator" value="&#10;"/>
    <property name="java.vm.specification.vendor" value="Oracle Corporation"/>
    <property name="java.specification.name" value="Java Platform API Specification"/>
    <property name="java.awt.graphicsenv" value="sun.awt.Win32GraphicsEnvironment"/>
    <property name="surefire.real.class.path" value="C:\Users\THINKPAD\AppData\Local\Temp\surefire8343448638920985327\surefirebooter2010629801721194971.jar"/>
    <property name="sun.boot.class.path" value="F:\development\java\jdk\jre\lib\resources.jar;F:\development\java\jdk\jre\lib\rt.jar;F:\development\java\jdk\jre\lib\sunrsasign.jar;F:\development\java\jdk\jre\lib\jsse.jar;F:\development\java\jdk\jre\lib\jce.jar;F:\development\java\jdk\jre\lib\charsets.jar;F:\development\java\jdk\jre\lib\jfr.jar;F:\development\java\jdk\jre\classes"/>
    <property name="user.script" value=""/>
    <property name="sun.management.compiler" value="HotSpot 64-Bit Tiered Compilers"/>
    <property name="java.runtime.version" value="1.8.0_211-b12"/>
    <property name="user.name" value="Dexuan"/>
    <property name="path.separator" value=";"/>
    <property name="os.version" value="10.0"/>
    <property name="java.endorsed.dirs" value="F:\development\java\jdk\jre\lib\endorsed"/>
    <property name="java.runtime.name" value="Java(TM) SE Runtime Environment"/>
    <property name="file.encoding" value="GBK"/>
    <property name="java.vm.name" value="Java HotSpot(TM) 64-Bit Server VM"/>
    <property name="localRepository" value="F:\development\maven-3.6.0\repository"/>
    <property name="java.vendor.url.bug" value="http://bugreport.sun.com/bugreport/"/>
    <property name="java.io.tmpdir" value="C:\Users\THINKPAD\AppData\Local\Temp\"/>
    <property name="idea.version" value="2018.3.5"/>
    <property name="java.version" value="1.8.0_211"/>
    <property name="user.dir" value="F:\dev\conference-management-system-back-end"/>
    <property name="os.arch" value="amd64"/>
    <property name="java.vm.specification.name" value="Java Virtual Machine Specification"/>
    <property name="java.awt.printerjob" value="sun.awt.windows.WPrinterJob"/>
    <property name="sun.os.patch.level" value=""/>
    <property name="java.library.path" value="F:\development\java\jdk\jre\bin;C:\Windows\Sun\Java\bin;C:\Windows\system32;C:\Windows;C:\Program Files (x86)\Common Files\Oracle\Java\javapath;F:\software\Xshell\;F:\software\Xshell\ftp\;C:\Windows\system32;C:\Windows;C:\Windows\System32\Wbem;C:\Windows\System32\WindowsPowerShell\v1.0\;C:\Windows\System32\OpenSSH\;F:\software\Git\cmd;F:\development\java\jdk\bin;F:\development\java\jdk\jre\bin;F:\software\CTEX\UserData\miktex\bin;F:\software\CTEX\MiKTeX\miktex\bin;F:\software\CTEX\CTeX\ctex\bin;F:\software\CTEX\CTeX\cct\bin;F:\software\CTEX\CTeX\ty\bin;F:\software\CTEX\Ghostscript\gs9.05\bin;F:\software\CTEX\GSview\gsview;F:\software\CTEX\WinEdt;F:\development\go\bin;F:\development\android-sdk-windows\tools;F:\development\nodejs\;F:\development\android-sdk-windows\platform-tools;C:\Program Files\Intel\WiFi\bin\;C:\Program Files\Common Files\Intel\WirelessCommon\;F:\development\maven-3.6.0\bin;F:\development\tomcat-9.0.26\bin;F:\study\程然\第三期\graphviz-2.38\release\bin;F:\development\python\Scripts\;F:\development\python\;C:\Users\THINKPAD\AppData\Local\Microsoft\WindowsApps;C:\Users\THINKPAD\AppData\Local\GitHubDesktop\bin;C:\Users\THINKPAD\go\bin;C:\Users\THINKPAD\AppData\Roaming\npm;F:\development\Microsoft VS Code\bin;."/>
    <property name="java.vm.info" value="mixed mode"/>
    <property name="java.vendor" value="Oracle Corporation"/>
    <property name="java.vm.version" value="25.211-b12"/>
    <property name="java.ext.dirs" value="F:\development\java\jdk\jre\lib\ext;C:\Windows\Sun\Java\lib\ext"/>
    <property name="sun.io.unicode.encoding" value="UnicodeLittle"/>
    <property name="maven.repo.local" value="F:\development\maven-3.6.0\repository"/>
    <property name="java.class.version" value="52.0"/>
  </properties>
  <testcase name="testToken" classname="com.sustech.conferenceSystem.util.UtilTest" time="0.004"/>
  <testcase name="testFilter" classname="com.sustech.conferenceSystem.util.UtilTest" time="0.004"/>
</testsuite>